     1                                  global getResistance
     2                                  
     3                                  segment .data
     4 00000000 000000000000F03F        one dq 1.0
     5                                  
     6                                  segment .bss
     7                                  
     8                                  segment .text
     9                                  
    10                                  getResistance:
    11                                  
    12 00000000 55                      push rbp
    13 00000001 4889E5                  mov  rbp,rsp
    14 00000004 57                      push rdi                                                    ;Backup rdi
    15 00000005 56                      push rsi                                                    ;Backup rsi
    16 00000006 52                      push rdx                                                    ;Backup rdx
    17 00000007 51                      push rcx                                                    ;Backup rcx
    18 00000008 4150                    push r8                                                     ;Backup r8
    19 0000000A 4151                    push r9                                                     ;Backup r9
    20 0000000C 4152                    push r10                                                    ;Backup r10
    21 0000000E 4153                    push r11                                                    ;Backup r11
    22 00000010 4154                    push r12                                                    ;Backup r12
    23 00000012 4155                    push r13                                                    ;Backup r13
    24 00000014 4156                    push r14                                                    ;Backup r14
    25 00000016 4157                    push r15                                                    ;Backup r15
    26 00000018 53                      push rbx                                                    ;Backup rbx
    27 00000019 9C                      pushf                                                       ;Backup rflags
    28                                  
    29 0000001A 4989FF                  mov r15, rdi
    30                                  
    31 0000001D F2440F100425-           movsd xmm8, [one]
    31 00000023 [00000000]         
    32 00000027 F2440F100C25-           movsd xmm9, [one]
    32 0000002D [00000000]         
    33 00000031 F2440F101425-           movsd xmm10, [one]
    33 00000037 [00000000]         
    34                                  ; =====Time to calculate the total resistance=======
    35                                  ; 1/r = 1/R1 + 1/R2 + 1/R3
    36                                  ; r = 1/(1/R1 + 1/R2 + 1/R3)
    37                                  ; doing 1/R1, 1/R2, 1/R3 and adding them, registers xmm5-7 contain our resistances
    38 0000003B F2450F5E07              divsd xmm8, [r15]
    39 00000040 F2450F5E4F08            divsd xmm9, [r15+8]
    40 00000046 F2450F5E5710            divsd xmm10, [r15+16]
    41                                  ; adding them together, total will now be stored in xmm8
    42 0000004C F2450F58C1              addsd xmm8, xmm9
    43 00000051 F2450F58C2              addsd xmm8, xmm10
    44                                  ; doing 1/rTotal (stored in xmm11)
    45 00000056 F2440F101C25-           movsd xmm11, [one]
    45 0000005C [00000000]         
    46 00000060 F2450F5ED8              divsd xmm11, xmm8
    47                                  
    48                                  
    49 00000065 F2410F10C3              movsd xmm0, xmm11
    50                                  
    51 0000006A 9D                      popf                                                        ;Restore rflags
    52 0000006B 5B                      pop rbx                                                     ;Restore rbx
    53 0000006C 415F                    pop r15                                                     ;Restore r15
    54 0000006E 415E                    pop r14                                                     ;Restore r14
    55 00000070 415D                    pop r13                                                     ;Restore r13
    56 00000072 415C                    pop r12                                                     ;Restore r12
    57 00000074 415B                    pop r11                                                     ;Restore r11
    58 00000076 415A                    pop r10                                                     ;Restore r10
    59 00000078 4159                    pop r9                                                      ;Restore r9
    60 0000007A 4158                    pop r8                                                      ;Restore r8
    61 0000007C 59                      pop rcx                                                     ;Restore rcx
    62 0000007D 5A                      pop rdx                                                     ;Restore rdx
    63 0000007E 5E                      pop rsi                                                     ;Restore rsi
    64 0000007F 5F                      pop rdi                                                     ;Restore rdi
    65 00000080 5D                      pop rbp                                                     ;Restore rbp
    66                                  
    67 00000081 C3                      ret
